2022-12-21 04:25:29,790 INFO Введено число 6
2022-12-21 04:25:29,790 INFO Введено число попыток 4
2022-12-21 04:25:29,790 INFO Всё нормально
2022-12-21 04:25:29,791 INFO Компьютер загадал число 1
2022-12-21 04:25:32,449 INFO попытка 1 Пользователь выбрал число 5
2022-12-21 04:25:34,634 INFO попытка 2 Пользователь выбрал число 3
2022-12-21 04:25:37,420 INFO попытка 3 Пользователь выбрал число 1
2022-12-21 04:25:37,421 INFO Число 1 угадано 
2022-12-21 04:26:32,310 INFO Введено число 7
2022-12-21 04:26:32,311 INFO Введено число попыток 3
2022-12-21 04:26:32,311 INFO Всё нормально
2022-12-21 04:26:32,311 INFO Компьютер загадал число 6
2022-12-21 04:26:51,475 INFO попытка 1 Пользователь выбрал число 5
2022-12-21 04:26:53,898 INFO попытка 2 Пользователь выбрал число 3
2022-12-21 04:26:57,273 INFO попытка 3 Пользователь выбрал число 2
2022-12-21 04:26:57,274 INFO попытки закончились
2022-12-21 04:34:12,821 INFO Введено число 7
2022-12-21 04:34:12,822 INFO Введено число попыток 3
2022-12-21 04:34:12,823 INFO Всё нормально
2022-12-21 04:34:12,823 INFO Компьютер загадал число 4
2022-12-21 04:34:15,666 INFO попытка 1 Пользователь выбрал число 4
2022-12-21 04:34:15,667 INFO Число 4 угадано 
2022-12-21 04:34:42,979 INFO Введено число 10
2022-12-21 04:34:42,980 INFO Введено число попыток 5
2022-12-21 04:34:42,981 INFO Всё нормально
2022-12-21 04:34:42,981 INFO Компьютер загадал число 5
2022-12-21 04:34:52,605 INFO попытка 1 Пользователь выбрал число 9
2022-12-21 04:34:59,497 INFO попытка 2 Пользователь выбрал число 5
2022-12-21 04:34:59,499 INFO Число 5 угадано 
